<?xml version="1.0" encoding="UTF-8"?>
<testsuite name="starter.CucumberTestSuite" tests="0" skipped="0" failures="0" errors="0" timestamp="1970-01-01T00:00:00" hostname="DESKTOP-7658FGJ" time="0.0">
  <properties/>
  <system-out><![CDATA[12:17:42.269 [Test worker] DEBUG net.thucydides.core.util.PropertiesFileLocalPreferences - webdriver.driver=chrome
12:17:42.272 [Test worker] DEBUG net.thucydides.core.util.PropertiesFileLocalPreferences - environments.dev.webdriver.base.url=http://wmu1.realpageaim.net
12:17:42.273 [Test worker] DEBUG net.thucydides.core.util.PropertiesFileLocalPreferences - drivers.windows.webdriver.chrome.driver=src/test/resources/webdriver/windows/chromedriver.exe
12:17:42.273 [Test worker] DEBUG net.thucydides.core.util.PropertiesFileLocalPreferences - drivers.linux.webdriver.gecko.driver=src/test/resources/webdriver/linux/geckodriver
12:17:42.273 [Test worker] DEBUG net.thucydides.core.util.PropertiesFileLocalPreferences - environments.staging.webdriver.base.url=http://wmu1.realpageaim.net
12:17:42.273 [Test worker] DEBUG net.thucydides.core.util.PropertiesFileLocalPreferences - environments.default.webdriver.base.url=http://wmu1.realpageaim.net
12:17:42.273 [Test worker] DEBUG net.thucydides.core.util.PropertiesFileLocalPreferences - chrome.capabilities.unexpectedAlertBehaviour=ignore
12:17:42.273 [Test worker] DEBUG net.thucydides.core.util.PropertiesFileLocalPreferences - drivers.linux.webdriver.chrome.driver=src/test/resources/webdriver/linux/chromedriver
12:17:42.274 [Test worker] DEBUG net.thucydides.core.util.PropertiesFileLocalPreferences - drivers.mac.webdriver.gecko.driver=src/test/resources/webdriver/mac/geckodriver
12:17:42.274 [Test worker] DEBUG net.thucydides.core.util.PropertiesFileLocalPreferences - drivers.windows.webdriver.gecko.driver=src/test/resources/webdriver/windows/geckodriver.exe
12:17:42.274 [Test worker] DEBUG net.thucydides.core.util.PropertiesFileLocalPreferences - chrome.switches=--start-maximized;--test-type;--no-sandbox;--ignore-certificate-errors;\r\n                   --incognito;--disable-popup-blocking;--disable-default-apps;--disable-extensions-file-access-check;\r\n                   --disable-infobars,--disable-gpu;--disable-web-security;--allow-running-insecure-content
12:17:42.275 [Test worker] DEBUG net.thucydides.core.util.PropertiesFileLocalPreferences - drivers.mac.webdriver.chrome.driver=src/test/resources/webdriver/mac/chromedriver
12:17:42.275 [Test worker] DEBUG net.thucydides.core.util.PropertiesFileLocalPreferences - environments.prod.webdriver.base.url=http://wmu1.realpageaim.net
12:17:42.457 [Test worker] DEBUG net.thucydides.core.util.PropertiesFileLocalPreferences - webdriver.driver=chrome
12:17:42.457 [Test worker] DEBUG net.thucydides.core.util.PropertiesFileLocalPreferences - environments.dev.webdriver.base.url=http://wmu1.realpageaim.net
12:17:42.457 [Test worker] DEBUG net.thucydides.core.util.PropertiesFileLocalPreferences - drivers.windows.webdriver.chrome.driver=src/test/resources/webdriver/windows/chromedriver.exe
12:17:42.457 [Test worker] DEBUG net.thucydides.core.util.PropertiesFileLocalPreferences - drivers.linux.webdriver.gecko.driver=src/test/resources/webdriver/linux/geckodriver
12:17:42.457 [Test worker] DEBUG net.thucydides.core.util.PropertiesFileLocalPreferences - environments.staging.webdriver.base.url=http://wmu1.realpageaim.net
12:17:42.457 [Test worker] DEBUG net.thucydides.core.util.PropertiesFileLocalPreferences - environments.default.webdriver.base.url=http://wmu1.realpageaim.net
12:17:42.457 [Test worker] DEBUG net.thucydides.core.util.PropertiesFileLocalPreferences - chrome.capabilities.unexpectedAlertBehaviour=ignore
12:17:42.458 [Test worker] DEBUG net.thucydides.core.util.PropertiesFileLocalPreferences - drivers.linux.webdriver.chrome.driver=src/test/resources/webdriver/linux/chromedriver
12:17:42.458 [Test worker] DEBUG net.thucydides.core.util.PropertiesFileLocalPreferences - drivers.mac.webdriver.gecko.driver=src/test/resources/webdriver/mac/geckodriver
12:17:42.458 [Test worker] DEBUG net.thucydides.core.util.PropertiesFileLocalPreferences - drivers.windows.webdriver.gecko.driver=src/test/resources/webdriver/windows/geckodriver.exe
12:17:42.458 [Test worker] DEBUG net.thucydides.core.util.PropertiesFileLocalPreferences - chrome.switches=--start-maximized;--test-type;--no-sandbox;--ignore-certificate-errors;\r\n                   --incognito;--disable-popup-blocking;--disable-default-apps;--disable-extensions-file-access-check;\r\n                   --disable-infobars,--disable-gpu;--disable-web-security;--allow-running-insecure-content
12:17:42.459 [Test worker] DEBUG net.thucydides.core.util.PropertiesFileLocalPreferences - drivers.mac.webdriver.chrome.driver=src/test/resources/webdriver/mac/chromedriver
12:17:42.459 [Test worker] DEBUG net.thucydides.core.util.PropertiesFileLocalPreferences - environments.prod.webdriver.base.url=http://wmu1.realpageaim.net
12:17:42.463 [Test worker] INFO  - 

-------------------------------------------------------------------------------------
     _______. _______ .______       _______ .__   __.  __  .___________.____    ____ 
    /       ||   ____||   _  \     |   ____||  \ |  | |  | |           |\   \  /   / 
   |   (----`|  |__   |  |_)  |    |  |__   |   \|  | |  | `---|  |----` \   \/   /  
    \   \    |   __|  |      /     |   __|  |  . `  | |  |     |  |       \_    _/   
.----)   |   |  |____ |  |\  \----.|  |____ |  |\   | |  |     |  |         |  |     
|_______/    |_______|| _| `._____||_______||__| \__| |__|     |__|         |__|    
                                                                                     
 News and tutorials at http://www.serenity-bdd.info                                  
 Documentation at https://wakaleo.gitbooks.io/the-serenity-book/content/             
 Join the Serenity Community on Gitter: https://gitter.im/serenity-bdd/serenity-core 
 Serenity BDD Support and Training at http://serenity-bdd.info/#/trainingandsupport  
 Learn Serenity BDD online at https://www.serenitydojo.net                           
-------------------------------------------------------------------------------------

12:17:42.467 [Test worker] DEBUG net.thucydides.core.steps.StepEventBus - Test suite started for story net.thucydides.core.model.Story@b75838d0
12:17:42.472 [Test worker] INFO  - Test Suite Started: User can log in account
12:17:49.376 [Test worker] INFO  - 
        __    _____ _____ ____ _____   ____   _    ____  ____  _____ ____  
  _     \ \  |_   _| ____/ ___|_   _| |  _ \ / \  / ___|/ ___|| ____|  _ \ 
 (_)_____| |   | | |  _| \___ \ | |   | |_) / _ \ \___ \\___ \|  _| | | | |
  _|_____| |   | | | |___ ___) || |   |  __/ ___ \ ___) |___) | |___| |_| |
 (_)     | |   |_| |_____|____/ |_|   |_| /_/   \_\____/|____/|_____|____/ 
        /_/                                                                

User can log in account
----------------------------------------------------------------------------
12:17:49.382 [Test worker] DEBUG net.thucydides.core.reports.ReportService - Reporting formats: [JSON, HTML]
12:17:49.447 [Test worker] DEBUG net.thucydides.core.reports.ReportService - Reporting formats: [JSON, HTML]
12:17:49.460 [Test worker] DEBUG net.thucydides.core.reports.ReportService - Generating reports for 1 test outcomes using: net.thucydides.core.reports.json.JSONTestOutcomeReporter@3e0cfcb0
12:17:49.461 [pool-1-thread-1] DEBUG net.thucydides.core.reports.ReportService - Processing test outcome User can log in account:User can log in account
12:17:49.462 [pool-1-thread-1] DEBUG net.thucydides.core.reports.ReportService - net.thucydides.core.reports.json.JSONTestOutcomeReporter@3e0cfcb0: Generating report for test outcome: User can log in account:User can log in account
12:17:49.465 [pool-1-thread-1] DEBUG net.thucydides.core.reports.json.JSONTestOutcomeReporter - Generating JSON report for User can log in account to file C:\Users\Dmeza\Desktop\Base_Project\target\site\serenity\07bdd8100e5b6d371bc5f8eab23cf08d8cf954e25d6a91829edf3390f9d6471a.json (using temp file C:\Users\Dmeza\Desktop\Base_Project\target\site\serenity\07bdd8100e5b6d371bc5f8eab23cf08d8cf954e25d6a91829edf3390f9d6471a.json118d5811-cb00-4527-bcf0-f82553840617)
12:17:49.489 [pool-1-thread-1] DEBUG net.thucydides.core.reports.ReportService - Processing test outcome User can log in account:User can log in account done
12:17:49.489 [Test worker] DEBUG net.thucydides.core.reports.ReportService - Shutting down executor service
12:17:49.489 [Test worker] DEBUG net.thucydides.core.reports.ReportService - Reports generated in: 29 ms
12:17:49.489 [Test worker] DEBUG net.thucydides.core.reports.ReportService - Generating reports for 1 test outcomes using: net.thucydides.core.reports.html.HtmlAcceptanceTestReporter@5cca792f
12:17:49.490 [pool-2-thread-1] DEBUG net.thucydides.core.reports.ReportService - Processing test outcome User can log in account:User can log in account
12:17:49.490 [pool-2-thread-1] DEBUG net.thucydides.core.reports.ReportService - net.thucydides.core.reports.html.HtmlAcceptanceTestReporter@5cca792f: Generating report for test outcome: User can log in account:User can log in account
12:17:49.491 [pool-2-thread-1] DEBUG net.thucydides.core.reports.html.HtmlAcceptanceTestReporter - GENERATE TEST OUTCOME REPORT FOR User can log in account in 07bdd8100e5b6d371bc5f8eab23cf08d8cf954e25d6a91829edf3390f9d6471a
12:17:49.506 [pool-2-thread-1] DEBUG net.thucydides.core.requirements.RequirementsTagProvider -  found:[Requirement{name='User can log in account', type='feature' parent = 'null', cardNumber='null'}]
12:17:49.511 [pool-2-thread-1] DEBUG net.thucydides.core.requirements.BaseRequirementsService - Requirement found for test outcome User can log in account-[]: Optional[Requirement{name='User can log in account', type='feature' parent = 'null', cardNumber='null'}]
12:17:49.512 [pool-2-thread-1] DEBUG net.thucydides.core.requirements.BaseRequirementsService - Requirement found for test outcome User can log in account-[]: Optional[Requirement{name='User can log in account', type='feature' parent = 'null', cardNumber='null'}]
12:17:49.549 [pool-2-thread-1] DEBUG net.thucydides.core.requirements.BaseRequirementsService - Requirement found for test outcome User can log in account-[]: Optional[Requirement{name='User can log in account', type='feature' parent = 'null', cardNumber='null'}]
12:17:49.550 [pool-2-thread-1] DEBUG net.thucydides.core.requirements.BaseRequirementsService - Requirement found for test outcome User can log in account-[]: Optional[Requirement{name='User can log in account', type='feature' parent = 'null', cardNumber='null'}]
12:17:49.631 [pool-2-thread-1] DEBUG net.thucydides.core.reports.html.HtmlAcceptanceTestReporter - Generating report in 07bdd8100e5b6d371bc5f8eab23cf08d8cf954e25d6a91829edf3390f9d6471a_screenshots.html
12:17:49.979 [pool-2-thread-1] DEBUG net.thucydides.core.reports.html.HtmlAcceptanceTestReporter - Generated report 07bdd8100e5b6d371bc5f8eab23cf08d8cf954e25d6a91829edf3390f9d6471a_screenshots.html in 348 ms
12:17:49.980 [pool-2-thread-1] DEBUG net.thucydides.core.reports.html.HtmlAcceptanceTestReporter - GENERATING HTML REPORT FOR User can log in account:User can log in account in 07bdd8100e5b6d371bc5f8eab23cf08d8cf954e25d6a91829edf3390f9d6471a.html in directory C:\Users\Dmeza\Desktop\Base_Project\target\site\serenity  
12:17:50.333 [pool-2-thread-1] DEBUG net.thucydides.core.reports.html.HtmlAcceptanceTestReporter - Generating report in 07bdd8100e5b6d371bc5f8eab23cf08d8cf954e25d6a91829edf3390f9d6471a.html
12:17:50.437 [pool-2-thread-1] DEBUG net.thucydides.core.reports.html.HtmlAcceptanceTestReporter - Generated report 07bdd8100e5b6d371bc5f8eab23cf08d8cf954e25d6a91829edf3390f9d6471a.html in 104 ms
12:17:50.438 [pool-2-thread-1] DEBUG net.thucydides.core.reports.ReportService - Processing test outcome User can log in account:User can log in account done
12:17:50.438 [Test worker] DEBUG net.thucydides.core.reports.ReportService - Shutting down executor service
12:17:50.438 [Test worker] DEBUG net.thucydides.core.reports.ReportService - Reports generated in: 948 ms
12:17:50.572 [Test worker] DEBUG net.serenitybdd.core.photography.Darkroom - Closing darkroom
12:17:50.572 [Darkroom Processing Line] DEBUG net.serenitybdd.core.photography.DarkroomProcessingLine - Darkroom processing line shutting down
]]></system-out>
  <system-err><![CDATA[Nov 19, 2020 12:17:42 PM cucumber.runtime.java.ObjectFactoryLoader loadSingleObjectFactory
WARNING: Loading deprecated ObjectFactory from runtime via reflection: cucumber.runtime.SerenityObjectFactory
]]></system-err>
</testsuite>
